# JRE version: Java(TM) SE Runtime Environment (8.0_162-b12) (build 1.8.0_162-b12)
# Java VM: Java HotSpot(TM) 64-Bit Server VM (25.162-b12 mixed mode windows-amd64 compressed oops)
Heap:
 PSYoungGen      total 38400K, used 28106K [0x00000000d5d80000, 0x00000000d9500000, 0x0000000100000000)
  eden space 33280K, 73% used [0x00000000d5d80000,0x00000000d7565fc0,0x00000000d7e00000)
  from space 5120K, 70% used [0x00000000d8300000,0x00000000d868c950,0x00000000d8800000)
  to   space 5120K, 0% used [0x00000000d7e00000,0x00000000d7e00000,0x00000000d8300000)
 ParOldGen       total 62464K, used 7643K [0x0000000081800000, 0x0000000085500000, 0x00000000d5d80000)
  object space 62464K, 12% used [0x0000000081800000,0x0000000081f76db0,0x0000000085500000)
 Metaspace       used 25104K, capacity 25882K, committed 26160K, reserved 1073152K
  class space    used 3092K, capacity 3327K, committed 3376K, reserved 1048576K
GC Heap History (10 events):
Event: 1.771 GC heap before
{Heap before GC invocations=1 (full 0):
 PSYoungGen      total 38400K, used 33280K [0x00000000d5d80000, 0x00000000d8800000, 0x0000000100000000)
  eden space 33280K, 100% used [0x00000000d5d80000,0x00000000d7e00000,0x00000000d7e00000)
  from space 5120K, 0% used [0x00000000d8300000,0x00000000d8300000,0x00000000d8800000)
  to   space 5120K, 0% used [0x00000000d7e00000,0x00000000d7e00000,0x00000000d8300000)
 ParOldGen       total 87552K, used 0K [0x0000000081800000, 0x0000000086d80000, 0x00000000d5d80000)
  object space 87552K, 0% used [0x0000000081800000,0x0000000081800000,0x0000000086d80000)
 Metaspace       used 9718K, capacity 9796K, committed 9856K, reserved 1058816K
  class space    used 1127K, capacity 1136K, committed 1152K, reserved 1048576K
Event: 1.779 GC heap after
Heap after GC invocations=1 (full 0):
 PSYoungGen      total 38400K, used 4962K [0x00000000d5d80000, 0x00000000d8800000, 0x0000000100000000)
  eden space 33280K, 0% used [0x00000000d5d80000,0x00000000d5d80000,0x00000000d7e00000)
  from space 5120K, 96% used [0x00000000d7e00000,0x00000000d82d8860,0x00000000d8300000)
  to   space 5120K, 0% used [0x00000000d8300000,0x00000000d8300000,0x00000000d8800000)
 ParOldGen       total 87552K, used 80K [0x0000000081800000, 0x0000000086d80000, 0x00000000d5d80000)
  object space 87552K, 0% used [0x0000000081800000,0x0000000081814010,0x0000000086d80000)
 Metaspace       used 9718K, capacity 9796K, committed 9856K, reserved 1058816K
  class space    used 1127K, capacity 1136K, committed 1152K, reserved 1048576K
}
Event: 2.544 GC heap before
{Heap before GC invocations=2 (full 0):
 PSYoungGen      total 38400K, used 38242K [0x00000000d5d80000, 0x00000000d8800000, 0x0000000100000000)
  eden space 33280K, 100% used [0x00000000d5d80000,0x00000000d7e00000,0x00000000d7e00000)
  from space 5120K, 96% used [0x00000000d7e00000,0x00000000d82d8860,0x00000000d8300000)
  to   space 5120K, 0% used [0x00000000d8300000,0x00000000d8300000,0x00000000d8800000)
 ParOldGen       total 87552K, used 80K [0x0000000081800000, 0x0000000086d80000, 0x00000000d5d80000)
  object space 87552K, 0% used [0x0000000081800000,0x0000000081814010,0x0000000086d80000)
 Metaspace       used 13661K, capacity 13732K, committed 13952K, reserved 1060864K
  class space    used 1597K, capacity 1616K, committed 1664K, reserved 1048576K
Event: 2.555 GC heap after
Heap after GC invocations=2 (full 0):
 PSYoungGen      total 38400K, used 5104K [0x00000000d5d80000, 0x00000000d8800000, 0x0000000100000000)
  eden space 33280K, 0% used [0x00000000d5d80000,0x00000000d5d80000,0x00000000d7e00000)
  from space 5120K, 99% used [0x00000000d8300000,0x00000000d87fc1d8,0x00000000d8800000)
  to   space 5120K, 0% used [0x00000000d7e00000,0x00000000d7e00000,0x00000000d8300000)
 ParOldGen       total 87552K, used 1168K [0x0000000081800000, 0x0000000086d80000, 0x00000000d5d80000)
  object space 87552K, 1% used [0x0000000081800000,0x0000000081924000,0x0000000086d80000)
 Metaspace       used 13661K, capacity 13732K, committed 13952K, reserved 1060864K
  class space    used 1597K, capacity 1616K, committed 1664K, reserved 1048576K
}
Event: 4.517 GC heap before
{Heap before GC invocations=3 (full 0):
 PSYoungGen      total 38400K, used 35829K [0x00000000d5d80000, 0x00000000d8800000, 0x0000000100000000)
  eden space 33280K, 92% used [0x00000000d5d80000,0x00000000d7b81570,0x00000000d7e00000)
  from space 5120K, 99% used [0x00000000d8300000,0x00000000d87fc1d8,0x00000000d8800000)
  to   space 5120K, 0% used [0x00000000d7e00000,0x00000000d7e00000,0x00000000d8300000)
 ParOldGen       total 87552K, used 1168K [0x0000000081800000, 0x0000000086d80000, 0x00000000d5d80000)
  object space 87552K, 1% used [0x0000000081800000,0x0000000081924000,0x0000000086d80000)
 Metaspace       used 20795K, capacity 21232K, committed 21296K, reserved 1069056K
  class space    used 2455K, capacity 2586K, committed 2608K, reserved 1048576K
Event: 4.528 GC heap after
Heap after GC invocations=3 (full 0):
 PSYoungGen      total 38400K, used 5096K [0x00000000d5d80000, 0x00000000d8800000, 0x0000000100000000)
  eden space 33280K, 0% used [0x00000000d5d80000,0x00000000d5d80000,0x00000000d7e00000)
  from space 5120K, 99% used [0x00000000d7e00000,0x00000000d82fa0b8,0x00000000d8300000)
  to   space 5120K, 0% used [0x00000000d8300000,0x00000000d8300000,0x00000000d8800000)
 ParOldGen       total 87552K, used 3757K [0x0000000081800000, 0x0000000086d80000, 0x00000000d5d80000)
  object space 87552K, 4% used [0x0000000081800000,0x0000000081bab410,0x0000000086d80000)
 Metaspace       used 20795K, capacity 21232K, committed 21296K, reserved 1069056K
  class space    used 2455K, capacity 2586K, committed 2608K, reserved 1048576K
}
Event: 4.528 GC heap before
{Heap before GC invocations=4 (full 1):
 PSYoungGen      total 38400K, used 5096K [0x00000000d5d80000, 0x00000000d8800000, 0x0000000100000000)
  eden space 33280K, 0% used [0x00000000d5d80000,0x00000000d5d80000,0x00000000d7e00000)
  from space 5120K, 99% used [0x00000000d7e00000,0x00000000d82fa0b8,0x00000000d8300000)
  to   space 5120K, 0% used [0x00000000d8300000,0x00000000d8300000,0x00000000d8800000)
 ParOldGen       total 87552K, used 3757K [0x0000000081800000, 0x0000000086d80000, 0x00000000d5d80000)
  object space 87552K, 4% used [0x0000000081800000,0x0000000081bab410,0x0000000086d80000)
 Metaspace       used 20795K, capacity 21232K, committed 21296K, reserved 1069056K
  class space    used 2455K, capacity 2586K, committed 2608K, reserved 1048576K
Event: 4.572 GC heap after
Heap after GC invocations=4 (full 1):
 PSYoungGen      total 38400K, used 0K [0x00000000d5d80000, 0x00000000d8800000, 0x0000000100000000)
  eden space 33280K, 0% used [0x00000000d5d80000,0x00000000d5d80000,0x00000000d7e00000)
  from space 5120K, 0% used [0x00000000d7e00000,0x00000000d7e00000,0x00000000d8300000)
  to   space 5120K, 0% used [0x00000000d8300000,0x00000000d8300000,0x00000000d8800000)
 ParOldGen       total 62464K, used 7635K [0x0000000081800000, 0x0000000085500000, 0x00000000d5d80000)
  object space 62464K, 12% used [0x0000000081800000,0x0000000081f74db0,0x0000000085500000)
 Metaspace       used 20795K, capacity 21232K, committed 21296K, reserved 1069056K
  class space    used 2455K, capacity 2586K, committed 2608K, reserved 1048576K
}
Event: 16.792 GC heap before
{Heap before GC invocations=5 (full 1):
 PSYoungGen      total 38400K, used 33280K [0x00000000d5d80000, 0x00000000d8800000, 0x0000000100000000)
  eden space 33280K, 100% used [0x00000000d5d80000,0x00000000d7e00000,0x00000000d7e00000)
  from space 5120K, 0% used [0x00000000d7e00000,0x00000000d7e00000,0x00000000d8300000)
  to   space 5120K, 0% used [0x00000000d8300000,0x00000000d8300000,0x00000000d8800000)
 ParOldGen       total 62464K, used 7635K [0x0000000081800000, 0x0000000085500000, 0x00000000d5d80000)
  object space 62464K, 12% used [0x0000000081800000,0x0000000081f74db0,0x0000000085500000)
 Metaspace       used 23953K, capacity 24720K, committed 25008K, reserved 1071104K
  class space    used 2933K, capacity 3134K, committed 3248K, reserved 1048576K
Event: 16.796 GC heap after
Heap after GC invocations=5 (full 1):
 PSYoungGen      total 38400K, used 3634K [0x00000000d5d80000, 0x00000000d9500000, 0x0000000100000000)
  eden space 33280K, 0% used [0x00000000d5d80000,0x00000000d5d80000,0x00000000d7e00000)
  from space 5120K, 70% used [0x00000000d8300000,0x00000000d868c950,0x00000000d8800000)
  to   space 5120K, 0% used [0x00000000d7e00000,0x00000000d7e00000,0x00000000d8300000)
 ParOldGen       total 62464K, used 7643K [0x0000000081800000, 0x0000000085500000, 0x00000000d5d80000)
  object space 62464K, 12% used [0x0000000081800000,0x0000000081f76db0,0x0000000085500000)
 Metaspace       used 23953K, capacity 24720K, committed 25008K, reserved 1071104K
  class space    used 2933K, capacity 3134K, committed 3248K, reserved 1048576K
}

